
Invalid id format
user 664bbdb3dede1d08a4a830cb
PATCH
path /api/v1/show/movie/rate/:id

Invalid id format
user 664bbdb3dede1d08a4a830cb
PATCH
path /api/v1/show/movie/rate/:id

Rating must be an integer
user 664bbdb3dede1d08a4a830cb
PATCH
path /api/v1/show/movie/rate/664b8722292bd58f1bb7bf0d

Rating must be an integer
user 664bbdb3dede1d08a4a830cb
PATCH
path /api/v1/show/movie/rate/664b8722292bd58f1bb7bf0d

Rating must be an integer
user 664bbdb3dede1d08a4a830cb
PATCH
path /api/v1/show/movie/rate/664b8722292bd58f1bb7bf0d

Rating must be an integer
user 664bbdb3dede1d08a4a830cb
PATCH
path /api/v1/show/movie/rate/664b8722292bd58f1bb7bf0d

Rating must be an integer
user 664bbdb3dede1d08a4a830cb
PATCH
path /api/v1/show/movie/rate/664b8722292bd58f1bb7bf0d

Rating must be an integer
user 664bbdb3dede1d08a4a830cb
PATCH
path /api/v1/show/movie/rate/664b8722292bd58f1bb7bf0d

Rating must be an integer
user 664bbdb3dede1d08a4a830cb
PATCH
path /api/v1/show/movie/rate/664b8722292bd58f1bb7bf0d

Rating must be an integer
user 664bbdb3dede1d08a4a830cb
PATCH
path /api/v1/show/movie/rate/664b8722292bd58f1bb7bf0d

Rating must be an integer
user 664bbdb3dede1d08a4a830cb
PATCH
path /api/v1/show/movie/rate/664b8722292bd58f1bb7bf0d

Rating must be an integer
user 664bbdb3dede1d08a4a830cb
PATCH
path /api/v1/show/movie/rate/664b8722292bd58f1bb7bf0d

Rating must be an integer
user 664bbdb3dede1d08a4a830cb
PATCH
path /api/v1/show/movie/rate/664b8722292bd58f1bb7bf0d

Rating id is required
user 664bbdb3dede1d08a4a830cb
PATCH
path /api/v1/show/movie/rate/664b8722292bd58f1bb7bf0d

Invalid id format
user 664bbdb3dede1d08a4a830cb
PATCH
path /api/v1/show/movie/rate/664b8722292bd58f1bb7bf0d

Invalid id format
user 664bbdb3dede1d08a4a830cb
PATCH
path /api/v1/show/movie/rate/664b8722292bd58f1bb7bf0d

Already rated before
user 664bbdb3dede1d08a4a830cb
POST
path /api/v1/show/series/rate/664b891763104da7656badca

Invalid id format
user 664bbdb3dede1d08a4a830cb
PUT
path /api/v1/show/series/rate/:id

Rating id must be a string
user 664bbdb3dede1d08a4a830cb
PUT
path /api/v1/show/series/rate/664b891763104da7656badca

Invalid id format
user 664bbdb3dede1d08a4a830cb
PUT
path /api/v1/show/series/rate/664b891763104da7656badca

Rating must be an integer
user 664bbdb3dede1d08a4a830cb
PUT
path /api/v1/show/series/rate/664b891763104da7656badca

Route not found
user undefined
GET
path /

Route not found
user undefined
GET
path /favicon.ico

self-signed certificate in certificate chain
user 664bbdb3dede1d08a4a830cb
GET
path /api/v1/show/search/movie

Rating must be an integer
user 664bbdb3dede1d08a4a830cb
PUT
path /api/v1/show/movie/rate/664b87cd292bd58f1bb7c011

 Invalid `this.movie.update()` invocation in /Users/sukrutanriverdi/Desktop/Masaüstü - Şükrü MacBook Air/Projeler/watchlist-backend/src/models/Movie/Movie.ts:216:45    213 ): Promise<MovieType> {   214   return prisma.$transaction(   215     async (tx) => { → 216       const ratedMovie = await this.movie.update( The records for relation `MovieToRating` between the `Movie` and `Rating` models are not connected.
user 664bbdb3dede1d08a4a830cb
DELETE
path /api/v1/show/movie/rate/664b87cd292bd58f1bb7c011

 Invalid `this.movie.update()` invocation in /Users/sukrutanriverdi/Desktop/Masaüstü - Şükrü MacBook Air/Projeler/watchlist-backend/src/models/Movie/Movie.ts:251:36    248    249 const averageRating = ratings.reduce((a, b) => a + b, 0) / ratings.length;   250 console.log(averageRating); → 251 const movie = await this.movie.update({         where: {           id: "664b8722292bd58f1bb7bf0d"         },         data: {       +   averageRating: Float         },         select: {           genres: {             select: {               name: true,               id: true             }           },           averageRating: true,           title: true,           id: true,           budget: true,           homepage: true,           imdbId: true,           overview: true,           poster: true,           productionCompanies: {             select: {               name: true,               id: true             }           },           releaseDate: true,           productionCountries: {             select: {               name: true,               id: true             }           },           ratings: true,           revenue: true,           runtime: true,           status: true,           userIds: true         }       })  Argument `averageRating` is missing.
user 664dc15d4d6d32c48dff0f4e
DELETE
path /api/v1/show/movie/rate/664b8722292bd58f1bb7bf0d

 Invalid `this.movie.update()` invocation in /Users/sukrutanriverdi/Desktop/Masaüstü - Şükrü MacBook Air/Projeler/watchlist-backend/src/models/Movie/Movie.ts:252:36    249 console.log(ratings);   250 const averageRating = ratings.reduce((a, b) => a + b, 0) / ratings.length;   251  → 252 const movie = await this.movie.update({         where: {           id: "664b8722292bd58f1bb7bf0d"         },         data: {       +   averageRating: Float         },         select: {           genres: {             select: {               name: true,               id: true             }           },           averageRating: true,           title: true,           id: true,           budget: true,           homepage: true,           imdbId: true,           overview: true,           poster: true,           productionCompanies: {             select: {               name: true,               id: true             }           },           releaseDate: true,           productionCountries: {             select: {               name: true,               id: true             }           },           ratings: true,           revenue: true,           runtime: true,           status: true,           userIds: true         }       })  Argument `averageRating` is missing.
user 664dc15d4d6d32c48dff0f4e
DELETE
path /api/v1/show/movie/rate/664b8722292bd58f1bb7bf0d

Rating must be an integer
user 664dc15d4d6d32c48dff0f4e
POST
path /api/v1/show/movie/rate/664b8722292bd58f1bb7bf0d

Rating must be an integer
user 664dc15d4d6d32c48dff0f4e
POST
path /api/v1/show/movie/rate/664b8722292bd58f1bb7bf0d

Already rated before
user 664dc15d4d6d32c48dff0f4e
POST
path /api/v1/show/movie/rate/664b8722292bd58f1bb7bf0d

No Movie found
user 664dc15d4d6d32c48dff0f4e
GET
path /api/v1/show/movie/65da6f24e4bfb092f708b744

No Movie found
user 664dc15d4d6d32c48dff0f4e
GET
path /api/v1/show/movie/65da6f24e4bfb092f708b744

No Movie found
user 664dc15d4d6d32c48dff0f4e
GET
path /api/v1/show/movie/65da6f24e4bfb092f708b744

No Movie found
user 664dc15d4d6d32c48dff0f4e
GET
path /api/v1/show/movie/65da6f24e4bfb092f708b744

Invalid password
user undefined
POST
path /api/v1/auth/login/email

Invalid id format
user 664bbdb3dede1d08a4a830cb
GET
path /api/v1/show/movie/asdasd

Invalid id format
user 664bbdb3dede1d08a4a830cb
GET
path /api/v1/show/movie/asdasd

Invalid id format
user 664bbdb3dede1d08a4a830cb
GET
path /api/v1/show/movie/asdasd

Invalid id format
user 664bbdb3dede1d08a4a830cb
GET
path /api/v1/show/movie/asdasd

Invalid token
user undefined
GET
path /api/v1/show/movie

Invalid token
user undefined
GET
path /api/v1/show/movie

Invalid token
user undefined
GET
path /api/v1/show/movie

Invalid token
user undefined
GET
path /api/v1/show/movie

Invalid token
user undefined
GET
path /api/v1/show/movie

Invalid token
user undefined
GET
path /api/v1/show/movie

Invalid token
user undefined
GET
path /api/v1/show/movie

Invalid token
user undefined
GET
path /api/v1/show/movie

Invalid token
user undefined
GET
path /api/v1/show/movie

Invalid token
user undefined
GET
path /api/v1/show/series

Invalid token
user undefined
GET
path /api/v1/show/series

Invalid token
user undefined
GET
path /api/v1/show/series

Invalid token
user undefined
GET
path /api/v1/show/series

Invalid token
user undefined
GET
path /api/v1/show/movie

Invalid token
user undefined
GET
path /api/v1/show/movie

Invalid token
user undefined
GET
path /api/v1/show/movie

Invalid token
user undefined
GET
path /api/v1/show/movie

Invalid token
user undefined
GET
path /api/v1/show/movie

Invalid token
user undefined
GET
path /api/v1/show/movie

Invalid token
user undefined
GET
path /api/v1/show/movie

Invalid token
user undefined
GET
path /api/v1/show/movie/664b8722292bd58f1bb7bf0d

Rating must be an integer
user 664bbdb3dede1d08a4a830cb
PUT
path /api/v1/show/movie/rate/664b8739292bd58f1bb7bf2c


user 664dc15d4d6d32c48dff0f4e
GET
path /api/v1/show/search/movie

User not found
user undefined
POST
path /api/v1/auth/login/email

User already exists
user undefined
POST
path /api/v1/auth/register/email

User already exists
user undefined
POST
path /api/v1/auth/register/email

User already exists
user undefined
POST
path /api/v1/auth/register/email


user 664fa6c1f2d91aa416826099
GET
path /api/v1/show/search/movie

The client noticed that the server is not a supported distribution of Elasticsearch
user 664fa6c1f2d91aa416826099
GET
path /api/v1/show/search

The client noticed that the server is not a supported distribution of Elasticsearch
user 664fa6c1f2d91aa416826099
GET
path /api/v1/show/search

search_phase_execution_exception
user 664fa6c1f2d91aa416826099
GET
path /api/v1/show/search

search_phase_execution_exception
user 664fa6c1f2d91aa416826099
GET
path /api/v1/show/search

search_phase_execution_exception
user 664fa6c1f2d91aa416826099
GET
path /api/v1/show/search

search_phase_execution_exception
user 664fa6c1f2d91aa416826099
GET
path /api/v1/show/search

parsing_exception
user 664fa6c1f2d91aa416826099
GET
path /api/v1/show/search/movie

parsing_exception
user 664fa6c1f2d91aa416826099
GET
path /api/v1/show/search/movie

parsing_exception
user 664fa6c1f2d91aa416826099
GET
path /api/v1/show/search/movie

parsing_exception
user 664fa6c1f2d91aa416826099
GET
path /api/v1/show/search/movie

Invalid query
user 664fa6c1f2d91aa416826099
GET
path /api/v1/show/search/movie

parsing_exception
user 664fa6c1f2d91aa416826099
GET
path /api/v1/show/search/movie

Query must be between 3 and 20 characters
user 664fa6c1f2d91aa416826099
GET
path /api/v1/show/search

Query must be between 4 and 20 characters
user 664fa6c1f2d91aa416826099
GET
path /api/v1/show/search

Query must be between 4 and 20 characters
user 664fa6c1f2d91aa416826099
GET
path /api/v1/show/search

Query must be between 4 and 20 characters
user 664fa6c1f2d91aa416826099
GET
path /api/v1/show/search

Query must be between 4 and 20 characters
user 664fa6c1f2d91aa416826099
GET
path /api/v1/show/search

x_content_parse_exception
user 664fa6c1f2d91aa416826099
GET
path /api/v1/show/search

parsing_exception
user 664fa6c1f2d91aa416826099
GET
path /api/v1/show/search/movie

parsing_exception
user 664fa6c1f2d91aa416826099
GET
path /api/v1/show/search/movie

parsing_exception
user 664fa6c1f2d91aa416826099
GET
path /api/v1/show/search/movie

parsing_exception
user 664fa6c1f2d91aa416826099
GET
path /api/v1/show/search/movie

parsing_exception
user 664fa6c1f2d91aa416826099
GET
path /api/v1/show/search/movie

parsing_exception
user 664fa6c1f2d91aa416826099
GET
path /api/v1/show/search/movie

parsing_exception
user 664fa6c1f2d91aa416826099
GET
path /api/v1/show/search/movie

parsing_exception
user 664fa6c1f2d91aa416826099
GET
path /api/v1/show/search/series

Query must be between 4 and 20 characters
user 664fa6c1f2d91aa416826099
GET
path /api/v1/show/search/movie

Query must be between 4 and 20 characters
user 664fa6c1f2d91aa416826099
GET
path /api/v1/show/search/movie

Query must be between 4 and 20 characters
user 664fa6c1f2d91aa416826099
GET
path /api/v1/show/search/movie

Query must be between 4 and 20 characters
user 664fa6c1f2d91aa416826099
GET
path /api/v1/show/search/movie

Query must be between 4 and 20 characters
user 664fa6c1f2d91aa416826099
GET
path /api/v1/show/search/movie

Query must be between 4 and 20 characters
user 664fa6c1f2d91aa416826099
GET
path /api/v1/show/search/movie

Query must be between 4 and 20 characters
user 664fa6c1f2d91aa416826099
GET
path /api/v1/show/search/movie

Query must be between 4 and 20 characters
user 664fa6c1f2d91aa416826099
GET
path /api/v1/show/search/movie

Query must be between 4 and 20 characters
user 664fa6c1f2d91aa416826099
GET
path /api/v1/show/search/movie

Query must be between 4 and 20 characters
user 664fa6c1f2d91aa416826099
GET
path /api/v1/show/search/movie

Query must be between 4 and 20 characters
user 664fa6c1f2d91aa416826099
GET
path /api/v1/show/search/movie

Query must be between 4 and 20 characters
user 664fa6c1f2d91aa416826099
GET
path /api/v1/show/search/movie

Query must be between 4 and 20 characters
user 664fa6c1f2d91aa416826099
GET
path /api/v1/show/search/series

Query must be between 4 and 20 characters
user 664fa6c1f2d91aa416826099
GET
path /api/v1/show/search/series

Query must be between 4 and 20 characters
user 664fa6c1f2d91aa416826099
GET
path /api/v1/show/search/series

Query must be between 4 and 20 characters
user 664fa6c1f2d91aa416826099
GET
path /api/v1/show/search/series

Query must be between 4 and 20 characters
user 664fa6c1f2d91aa416826099
GET
path /api/v1/show/search/series

Query must be between 4 and 20 characters
user 664fa6c1f2d91aa416826099
GET
path /api/v1/show/search/series

Query must be between 4 and 20 characters
user 664fa6c1f2d91aa416826099
GET
path /api/v1/show/search/series

Query must be between 4 and 20 characters
user 664fa6c1f2d91aa416826099
GET
path /api/v1/show/search/series

Query must be between 4 and 20 characters
user 664fa6c1f2d91aa416826099
GET
path /api/v1/show/search/movie

Query must be between 4 and 20 characters
user 664fa6c1f2d91aa416826099
GET
path /api/v1/show/search/series

Query must be between 4 and 20 characters
user 664fa6c1f2d91aa416826099
GET
path /api/v1/show/search/series

Query must be between 4 and 20 characters
user 664fa6c1f2d91aa416826099
GET
path /api/v1/show/search/movie
